\BOOKMARK [0][-]{chapter*.1}{\376\377\000A\000b\000s\000t\000r\000a\000c\000t}{}% 1
\BOOKMARK [0][-]{chapter*.2}{\376\377\000A\000c\000k\000n\000o\000w\000l\000e\000d\000g\000m\000e\000n\000t\000s}{}% 2
\BOOKMARK [0][-]{chapter*.4}{\376\377\000L\000i\000s\000t\000\040\000o\000f\000\040\000A\000b\000b\000r\000e\000v\000i\000a\000t\000i\000o\000n\000s}{}% 3
\BOOKMARK [0][-]{chapter.1}{\376\377\000I\000n\000t\000r\000o\000d\000u\000c\000t\000i\000o\000n}{}% 4
\BOOKMARK [1][-]{section.1.1}{\376\377\000P\000r\000o\000b\000l\000e\000m\000\040\000S\000t\000a\000t\000e\000m\000e\000n\000t}{chapter.1}% 5
\BOOKMARK [2][-]{subsection.1.1.1}{\376\377\000C\000h\000a\000l\000l\000e\000n\000g\000e\000s\000\040\000i\000n\000\040\000R\000e\000s\000c\000u\000e\000\040\000R\000o\000b\000o\000t\000i\000c\000s}{section.1.1}% 6
\BOOKMARK [1][-]{section.1.2}{\376\377\000P\000r\000o\000j\000e\000c\000t\000\040\000O\000b\000j\000e\000c\000t\000i\000v\000e\000s}{chapter.1}% 7
\BOOKMARK [2][-]{subsection.1.2.1}{\376\377\000P\000r\000i\000m\000a\000r\000y\000\040\000O\000b\000j\000e\000c\000t\000i\000v\000e\000s}{section.1.2}% 8
\BOOKMARK [2][-]{subsection.1.2.2}{\376\377\000S\000e\000c\000o\000n\000d\000a\000r\000y\000\040\000O\000b\000j\000e\000c\000t\000i\000v\000e\000s}{section.1.2}% 9
\BOOKMARK [1][-]{section.1.3}{\376\377\000S\000c\000o\000p\000e\000\040\000a\000n\000d\000\040\000C\000o\000n\000s\000t\000r\000a\000i\000n\000t\000s}{chapter.1}% 10
\BOOKMARK [2][-]{subsection.1.3.1}{\376\377\000W\000h\000a\000t\000\040\000T\000h\000i\000s\000\040\000P\000r\000o\000j\000e\000c\000t\000\040\000C\000o\000v\000e\000r\000s}{section.1.3}% 11
\BOOKMARK [2][-]{subsection.1.3.2}{\376\377\000W\000h\000a\000t\000\040\000T\000h\000i\000s\000\040\000P\000r\000o\000j\000e\000c\000t\000\040\000D\000o\000e\000s\000\040\000N\000o\000t\000\040\000C\000o\000v\000e\000r}{section.1.3}% 12
\BOOKMARK [2][-]{subsection.1.3.3}{\376\377\000D\000e\000s\000i\000g\000n\000\040\000C\000o\000n\000s\000t\000r\000a\000i\000n\000t\000s}{section.1.3}% 13
\BOOKMARK [1][-]{section.1.4}{\376\377\000M\000e\000t\000h\000o\000d\000o\000l\000o\000g\000y}{chapter.1}% 14
\BOOKMARK [2][-]{subsection.1.4.1}{\376\377\000D\000e\000v\000e\000l\000o\000p\000m\000e\000n\000t\000\040\000P\000h\000a\000s\000e\000s}{section.1.4}% 15
\BOOKMARK [2][-]{subsection.1.4.2}{\376\377\000T\000e\000s\000t\000i\000n\000g\000\040\000S\000t\000r\000a\000t\000e\000g\000y}{section.1.4}% 16
\BOOKMARK [1][-]{section.1.5}{\376\377\000R\000e\000l\000a\000t\000e\000d\000\040\000W\000o\000r\000k}{chapter.1}% 17
\BOOKMARK [2][-]{subsection.1.5.1}{\376\377\000C\000o\000m\000m\000e\000r\000c\000i\000a\000l\000\040\000R\000e\000s\000c\000u\000e\000\040\000R\000o\000b\000o\000t\000s}{section.1.5}% 18
\BOOKMARK [2][-]{subsection.1.5.2}{\376\377\000A\000c\000a\000d\000e\000m\000i\000c\000\040\000R\000e\000s\000e\000a\000r\000c\000h}{section.1.5}% 19
\BOOKMARK [2][-]{subsection.1.5.3}{\376\377\000O\000p\000e\000n\000\040\000S\000o\000u\000r\000c\000e\000\040\000P\000r\000o\000j\000e\000c\000t\000s}{section.1.5}% 20
\BOOKMARK [1][-]{section.1.6}{\376\377\000C\000o\000n\000t\000r\000i\000b\000u\000t\000i\000o\000n\000s}{chapter.1}% 21
\BOOKMARK [1][-]{section.1.7}{\376\377\000R\000e\000p\000o\000r\000t\000\040\000O\000r\000g\000a\000n\000i\000z\000a\000t\000i\000o\000n}{chapter.1}% 22
\BOOKMARK [0][-]{chapter.2}{\376\377\000S\000y\000s\000t\000e\000m\000\040\000A\000r\000c\000h\000i\000t\000e\000c\000t\000u\000r\000e}{}% 23
\BOOKMARK [1][-]{section.2.1}{\376\377\000A\000r\000c\000h\000i\000t\000e\000c\000t\000u\000r\000a\000l\000\040\000O\000v\000e\000r\000v\000i\000e\000w}{chapter.2}% 24
\BOOKMARK [1][-]{section.2.2}{\376\377\000H\000y\000b\000r\000i\000d\000\040\000I\000n\000t\000e\000l\000l\000i\000g\000e\000n\000c\000e\000\040\000M\000o\000d\000e\000l}{chapter.2}% 25
\BOOKMARK [1][-]{section.2.3}{\376\377\000C\000o\000m\000m\000u\000n\000i\000c\000a\000t\000i\000o\000n\000\040\000P\000r\000o\000t\000o\000c\000o\000l\000s}{chapter.2}% 26
\BOOKMARK [1][-]{section.2.4}{\376\377\000F\000a\000i\000l\000u\000r\000e\000\040\000M\000o\000d\000e\000s\000\040\000a\000n\000d\000\040\000R\000e\000c\000o\000v\000e\000r\000y}{chapter.2}% 27
\BOOKMARK [0][-]{chapter.3}{\376\377\000M\000e\000c\000h\000a\000n\000i\000c\000a\000l\000\040\000\046\000\040\000E\000l\000e\000c\000t\000r\000i\000c\000a\000l\000\040\000D\000e\000s\000i\000g\000n}{}% 28
\BOOKMARK [1][-]{section.3.1}{\376\377\000D\000e\000s\000i\000g\000n\000\040\000P\000h\000i\000l\000o\000s\000o\000p\000h\000y}{chapter.3}% 29
\BOOKMARK [2][-]{subsection.3.1.1}{\376\377\000B\000i\000l\000l\000\040\000o\000f\000\040\000M\000a\000t\000e\000r\000i\000a\000l\000s}{section.3.1}% 30
\BOOKMARK [1][-]{section.3.2}{\376\377\000C\000h\000a\000s\000s\000i\000s\000\040\000D\000e\000s\000i\000g\000n}{chapter.3}% 31
\BOOKMARK [2][-]{subsection.3.2.1}{\376\377\000P\000l\000a\000t\000f\000o\000r\000m\000\040\000S\000e\000l\000e\000c\000t\000i\000o\000n}{section.3.2}% 32
\BOOKMARK [2][-]{subsection.3.2.2}{\376\377\000W\000h\000e\000e\000l\000\040\000a\000n\000d\000\040\000D\000r\000i\000v\000e\000\040\000A\000s\000s\000e\000m\000b\000l\000y}{section.3.2}% 33
\BOOKMARK [2][-]{subsection.3.2.3}{\376\377\000C\000o\000m\000p\000o\000n\000e\000n\000t\000\040\000M\000o\000u\000n\000t\000i\000n\000g}{section.3.2}% 34
\BOOKMARK [1][-]{section.3.3}{\376\377\000M\000a\000i\000n\000\040\000C\000o\000n\000t\000r\000o\000l\000l\000e\000r\000:\000\040\000E\000S\000P\0003\0002\000-\000S\0003}{chapter.3}% 35
\BOOKMARK [2][-]{subsection.3.3.1}{\376\377\000C\000h\000i\000p\000\040\000S\000p\000e\000c\000i\000f\000i\000c\000a\000t\000i\000o\000n\000s}{section.3.3}% 36
\BOOKMARK [2][-]{subsection.3.3.2}{\376\377\000D\000e\000v\000e\000l\000o\000p\000m\000e\000n\000t\000\040\000B\000o\000a\000r\000d\000\040\000S\000e\000l\000e\000c\000t\000i\000o\000n}{section.3.3}% 37
\BOOKMARK [2][-]{subsection.3.3.3}{\376\377\000P\000S\000R\000A\000M\000\040\000I\000m\000p\000o\000r\000t\000a\000n\000c\000e}{section.3.3}% 38
\BOOKMARK [1][-]{section.3.4}{\376\377\000C\000a\000m\000e\000r\000a\000\040\000S\000y\000s\000t\000e\000m}{chapter.3}% 39
\BOOKMARK [2][-]{subsection.3.4.1}{\376\377\000O\000V\0002\0006\0004\0000\000\040\000S\000e\000n\000s\000o\000r}{section.3.4}% 40
\BOOKMARK [2][-]{subsection.3.4.2}{\376\377\000R\000e\000s\000o\000l\000u\000t\000i\000o\000n\000\040\000S\000e\000l\000e\000c\000t\000i\000o\000n}{section.3.4}% 41
\BOOKMARK [2][-]{subsection.3.4.3}{\376\377\000L\000e\000n\000s\000\040\000a\000n\000d\000\040\000O\000p\000t\000i\000c\000a\000l\000\040\000C\000o\000n\000f\000i\000g\000u\000r\000a\000t\000i\000o\000n}{section.3.4}% 42
\BOOKMARK [2][-]{subsection.3.4.4}{\376\377\000C\000a\000m\000e\000r\000a\000\040\000M\000o\000u\000n\000t\000i\000n\000g}{section.3.4}% 43
\BOOKMARK [1][-]{section.3.5}{\376\377\000M\000o\000t\000o\000r\000\040\000C\000o\000n\000t\000r\000o\000l\000\040\000S\000y\000s\000t\000e\000m}{chapter.3}% 44
\BOOKMARK [2][-]{subsection.3.5.1}{\376\377\000D\000C\000\040\000G\000e\000a\000r\000\040\000M\000o\000t\000o\000r\000s}{section.3.5}% 45
\BOOKMARK [2][-]{subsection.3.5.2}{\376\377\000L\0002\0009\0008\000N\000\040\000M\000o\000t\000o\000r\000\040\000D\000r\000i\000v\000e\000r}{section.3.5}% 46
\BOOKMARK [2][-]{subsection.3.5.3}{\376\377\000L\0002\0009\0008\000N\000\040\000v\000s\000\040\000T\000B\0006\0006\0001\0002\000F\000N\000G}{section.3.5}% 47
\BOOKMARK [1][-]{section.3.6}{\376\377\000P\000o\000w\000e\000r\000\040\000D\000i\000s\000t\000r\000i\000b\000u\000t\000i\000o\000n}{chapter.3}% 48
\BOOKMARK [2][-]{subsection.3.6.1}{\376\377\000B\000a\000t\000t\000e\000r\000y\000\040\000S\000e\000l\000e\000c\000t\000i\000o\000n}{section.3.6}% 49
\BOOKMARK [2][-]{subsection.3.6.2}{\376\377\000P\000o\000w\000e\000r\000\040\000B\000u\000d\000g\000e\000t}{section.3.6}% 50
\BOOKMARK [2][-]{subsection.3.6.3}{\376\377\000V\000o\000l\000t\000a\000g\000e\000\040\000R\000e\000g\000u\000l\000a\000t\000i\000o\000n}{section.3.6}% 51
\BOOKMARK [1][-]{section.3.7}{\376\377\000U\000l\000t\000r\000a\000s\000o\000n\000i\000c\000\040\000D\000i\000s\000t\000a\000n\000c\000e\000\040\000S\000e\000n\000s\000o\000r}{chapter.3}% 52
\BOOKMARK [2][-]{subsection.3.7.1}{\376\377\000H\000C\000-\000S\000R\0000\0004\000\040\000S\000p\000e\000c\000i\000f\000i\000c\000a\000t\000i\000o\000n\000s}{section.3.7}% 53
\BOOKMARK [2][-]{subsection.3.7.2}{\376\377\000M\000o\000u\000n\000t\000i\000n\000g\000\040\000P\000o\000s\000i\000t\000i\000o\000n}{section.3.7}% 54
\BOOKMARK [2][-]{subsection.3.7.3}{\376\377\000L\000e\000v\000e\000l\000\040\000S\000h\000i\000f\000t\000i\000n\000g}{section.3.7}% 55
\BOOKMARK [1][-]{section.3.8}{\376\377\000W\000i\000r\000i\000n\000g\000\040\000a\000n\000d\000\040\000I\000n\000t\000e\000r\000c\000o\000n\000n\000e\000c\000t\000i\000o\000n\000s}{chapter.3}% 56
\BOOKMARK [2][-]{subsection.3.8.1}{\376\377\000C\000o\000m\000p\000l\000e\000t\000e\000\040\000W\000i\000r\000i\000n\000g\000\040\000D\000i\000a\000g\000r\000a\000m}{section.3.8}% 57
\BOOKMARK [2][-]{subsection.3.8.2}{\376\377\000W\000i\000r\000e\000\040\000C\000o\000l\000o\000r\000\040\000C\000o\000n\000v\000e\000n\000t\000i\000o\000n}{section.3.8}% 58
\BOOKMARK [1][-]{section.3.9}{\376\377\000A\000s\000s\000e\000m\000b\000l\000y\000\040\000P\000r\000o\000c\000e\000s\000s}{chapter.3}% 59
\BOOKMARK [2][-]{subsection.3.9.1}{\376\377\000A\000s\000s\000e\000m\000b\000l\000y\000\040\000S\000t\000e\000p\000s}{section.3.9}% 60
\BOOKMARK [2][-]{subsection.3.9.2}{\376\377\000T\000e\000s\000t\000i\000n\000g\000\040\000P\000r\000o\000c\000e\000d\000u\000r\000e}{section.3.9}% 61
\BOOKMARK [0][-]{chapter.4}{\376\377\000E\000m\000b\000e\000d\000d\000e\000d\000\040\000F\000i\000r\000m\000w\000a\000r\000e\000\040\000D\000e\000s\000i\000g\000n}{}% 62
\BOOKMARK [1][-]{section.4.1}{\376\377\000F\000i\000r\000m\000w\000a\000r\000e\000\040\000A\000r\000c\000h\000i\000t\000e\000c\000t\000u\000r\000e\000\040\000O\000v\000e\000r\000v\000i\000e\000w}{chapter.4}% 63
\BOOKMARK [2][-]{subsection.4.1.1}{\376\377\000M\000o\000d\000u\000l\000e\000\040\000R\000e\000s\000p\000o\000n\000s\000i\000b\000i\000l\000i\000t\000i\000e\000s}{section.4.1}% 64
\BOOKMARK [2][-]{subsection.4.1.2}{\376\377\000M\000e\000m\000o\000r\000y\000\040\000L\000a\000y\000o\000u\000t}{section.4.1}% 65
\BOOKMARK [1][-]{section.4.2}{\376\377\000C\000a\000m\000e\000r\000a\000\040\000M\000o\000d\000u\000l\000e\000\040\000I\000m\000p\000l\000e\000m\000e\000n\000t\000a\000t\000i\000o\000n}{chapter.4}% 66
\BOOKMARK [2][-]{subsection.4.2.1}{\376\377\000H\000a\000r\000d\000w\000a\000r\000e\000\040\000C\000o\000n\000f\000i\000g\000u\000r\000a\000t\000i\000o\000n}{section.4.2}% 67
\BOOKMARK [2][-]{subsection.4.2.2}{\376\377\000I\000n\000i\000t\000i\000a\000l\000i\000z\000a\000t\000i\000o\000n\000\040\000S\000e\000q\000u\000e\000n\000c\000e}{section.4.2}% 68
\BOOKMARK [2][-]{subsection.4.2.3}{\376\377\000S\000t\000r\000e\000a\000m\000i\000n\000g\000\040\000M\000o\000d\000e\000s}{section.4.2}% 69
\BOOKMARK [1][-]{section.4.3}{\376\377\000M\000o\000t\000o\000r\000\040\000C\000o\000n\000t\000r\000o\000l\000\040\000I\000m\000p\000l\000e\000m\000e\000n\000t\000a\000t\000i\000o\000n}{chapter.4}% 70
\BOOKMARK [2][-]{subsection.4.3.1}{\376\377\000D\000i\000f\000f\000e\000r\000e\000n\000t\000i\000a\000l\000\040\000D\000r\000i\000v\000e\000\040\000M\000o\000d\000e\000l}{section.4.3}% 71
\BOOKMARK [2][-]{subsection.4.3.2}{\376\377\000L\0002\0009\0008\000N\000\040\000D\000r\000i\000v\000e\000r\000\040\000I\000n\000t\000e\000r\000f\000a\000c\000e}{section.4.3}% 72
\BOOKMARK [2][-]{subsection.4.3.3}{\376\377\000P\000i\000n\000\040\000A\000s\000s\000i\000g\000n\000m\000e\000n\000t}{section.4.3}% 73
\BOOKMARK [2][-]{subsection.4.3.4}{\376\377\000T\000u\000r\000n\000i\000n\000g\000\040\000M\000e\000c\000h\000a\000n\000i\000c\000s}{section.4.3}% 74
\BOOKMARK [1][-]{section.4.4}{\376\377\000E\000S\000P\000\040\000N\000O\000W\000\040\000C\000o\000m\000m\000u\000n\000i\000c\000a\000t\000i\000o\000n\000\040\000M\000o\000d\000u\000l\000e}{chapter.4}% 75
\BOOKMARK [2][-]{subsection.4.4.1}{\376\377\000P\000r\000o\000t\000o\000c\000o\000l\000\040\000O\000v\000e\000r\000v\000i\000e\000w}{section.4.4}% 76
\BOOKMARK [2][-]{subsection.4.4.2}{\376\377\000P\000a\000c\000k\000e\000t\000\040\000S\000t\000r\000u\000c\000t\000u\000r\000e\000s}{section.4.4}% 77
\BOOKMARK [2][-]{subsection.4.4.3}{\376\377\000R\000e\000c\000e\000i\000v\000e\000\040\000C\000a\000l\000l\000b\000a\000c\000k\000\040\000D\000e\000s\000i\000g\000n}{section.4.4}% 78
\BOOKMARK [2][-]{subsection.4.4.4}{\376\377\000T\000e\000l\000e\000m\000e\000t\000r\000y\000\040\000T\000r\000a\000n\000s\000m\000i\000s\000s\000i\000o\000n}{section.4.4}% 79
\BOOKMARK [1][-]{section.4.5}{\376\377\000S\000a\000f\000e\000t\000y\000\040\000M\000e\000c\000h\000a\000n\000i\000s\000m\000s}{chapter.4}% 80
\BOOKMARK [2][-]{subsection.4.5.1}{\376\377\000H\000e\000a\000r\000t\000b\000e\000a\000t\000\040\000F\000a\000i\000l\000s\000a\000f\000e}{section.4.5}% 81
\BOOKMARK [2][-]{subsection.4.5.2}{\376\377\000U\000l\000t\000r\000a\000s\000o\000n\000i\000c\000\040\000O\000b\000s\000t\000a\000c\000l\000e\000\040\000D\000e\000t\000e\000c\000t\000i\000o\000n}{section.4.5}% 82
\BOOKMARK [2][-]{subsection.4.5.3}{\376\377\000U\000n\000i\000f\000i\000e\000d\000\040\000C\000o\000n\000t\000r\000o\000l\000\040\000L\000o\000o\000p}{section.4.5}% 83
\BOOKMARK [2][-]{subsection.4.5.4}{\376\377\000D\000e\000v\000e\000l\000o\000p\000m\000e\000n\000t\000\040\000L\000o\000g\000:\000\040\000H\000a\000r\000d\000w\000a\000r\000e\000\040\000P\000r\000o\000c\000u\000r\000e\000m\000e\000n\000t\000\040\000S\000a\000g\000a}{section.4.5}% 84
\BOOKMARK [1][-]{section.4.6}{\376\377\000M\000a\000i\000n\000\040\000L\000o\000o\000p\000\040\000S\000t\000r\000u\000c\000t\000u\000r\000e}{chapter.4}% 85
\BOOKMARK [1][-]{section.4.7}{\376\377\000C\000o\000m\000p\000i\000l\000a\000t\000i\000o\000n\000\040\000a\000n\000d\000\040\000D\000e\000p\000l\000o\000y\000m\000e\000n\000t}{chapter.4}% 86
\BOOKMARK [0][-]{chapter.5}{\376\377\000A\000I\000\040\000\046\000\040\000S\000o\000f\000t\000w\000a\000r\000e\000\040\000D\000e\000s\000i\000g\000n}{}% 87
\BOOKMARK [1][-]{section.5.1}{\376\377\000H\000o\000s\000t\000\040\000A\000p\000p\000l\000i\000c\000a\000t\000i\000o\000n\000\040\000A\000r\000c\000h\000i\000t\000e\000c\000t\000u\000r\000e}{chapter.5}% 88
\BOOKMARK [1][-]{section.5.2}{\376\377\000C\000o\000m\000p\000u\000t\000e\000r\000\040\000V\000i\000s\000i\000o\000n\000\040\000L\000a\000y\000e\000r\000\040\000\050\000L\000o\000c\000a\000l\000\051}{chapter.5}% 89
\BOOKMARK [1][-]{section.5.3}{\376\377\000V\000i\000s\000i\000o\000n\000\040\000L\000a\000n\000g\000u\000a\000g\000e\000\040\000M\000o\000d\000e\000l\000\040\000I\000n\000t\000e\000g\000r\000a\000t\000i\000o\000n\000\040\000\050\000C\000l\000o\000u\000d\000\051}{chapter.5}% 90
\BOOKMARK [1][-]{section.5.4}{\376\377\000C\000o\000m\000m\000a\000n\000d\000\040\000A\000r\000b\000i\000t\000r\000a\000t\000i\000o\000n}{chapter.5}% 91
\BOOKMARK [1][-]{section.5.5}{\376\377\000D\000a\000s\000h\000b\000o\000a\000r\000d\000\040\000\046\000\040\000T\000e\000l\000e\000m\000e\000t\000r\000y}{chapter.5}% 92
\BOOKMARK [0][-]{chapter.6}{\376\377\000T\000e\000s\000t\000i\000n\000g\000\040\000\046\000\040\000E\000x\000p\000e\000r\000i\000m\000e\000n\000t\000a\000l\000\040\000R\000e\000s\000u\000l\000t\000s}{}% 93
\BOOKMARK [1][-]{section.6.1}{\376\377\000T\000e\000s\000t\000i\000n\000g\000\040\000M\000e\000t\000h\000o\000d\000o\000l\000o\000g\000y}{chapter.6}% 94
\BOOKMARK [2][-]{subsection.6.1.1}{\376\377\000T\000e\000s\000t\000\040\000E\000n\000v\000i\000r\000o\000n\000m\000e\000n\000t}{section.6.1}% 95
\BOOKMARK [2][-]{subsection.6.1.2}{\376\377\000T\000e\000s\000t\000\040\000E\000q\000u\000i\000p\000m\000e\000n\000t}{section.6.1}% 96
\BOOKMARK [2][-]{subsection.6.1.3}{\376\377\000T\000e\000s\000t\000\040\000C\000a\000t\000e\000g\000o\000r\000i\000e\000s}{section.6.1}% 97
\BOOKMARK [1][-]{section.6.2}{\376\377\000C\000o\000m\000m\000u\000n\000i\000c\000a\000t\000i\000o\000n\000\040\000P\000e\000r\000f\000o\000r\000m\000a\000n\000c\000e}{chapter.6}% 98
\BOOKMARK [2][-]{subsection.6.2.1}{\376\377\000C\000o\000m\000m\000a\000n\000d\000\040\000L\000a\000t\000e\000n\000c\000y\000\040\000M\000e\000a\000s\000u\000r\000e\000m\000e\000n\000t}{section.6.2}% 99
\BOOKMARK [2][-]{subsection.6.2.2}{\376\377\000V\000i\000d\000e\000o\000\040\000S\000t\000r\000e\000a\000m\000i\000n\000g\000\040\000L\000a\000t\000e\000n\000c\000y}{section.6.2}% 100
\BOOKMARK [2][-]{subsection.6.2.3}{\376\377\000P\000a\000c\000k\000e\000t\000\040\000L\000o\000s\000s}{section.6.2}% 101
\BOOKMARK [1][-]{section.6.3}{\376\377\000V\000i\000d\000e\000o\000\040\000Q\000u\000a\000l\000i\000t\000y\000\040\000A\000s\000s\000e\000s\000s\000m\000e\000n\000t}{chapter.6}% 102
\BOOKMARK [2][-]{subsection.6.3.1}{\376\377\000F\000r\000a\000m\000e\000\040\000R\000a\000t\000e\000\040\000M\000e\000a\000s\000u\000r\000e\000m\000e\000n\000t}{section.6.3}% 103
\BOOKMARK [2][-]{subsection.6.3.2}{\376\377\000J\000P\000E\000G\000\040\000Q\000u\000a\000l\000i\000t\000y\000\040\000v\000s\000\040\000S\000i\000z\000e\000\040\000T\000r\000a\000d\000e\000\040\000o\000f\000f}{section.6.3}% 104
\BOOKMARK [1][-]{section.6.4}{\376\377\000M\000o\000t\000o\000r\000\040\000C\000o\000n\000t\000r\000o\000l\000\040\000P\000e\000r\000f\000o\000r\000m\000a\000n\000c\000e}{chapter.6}% 105
\BOOKMARK [2][-]{subsection.6.4.1}{\376\377\000C\000o\000m\000m\000a\000n\000d\000\040\000R\000e\000s\000p\000o\000n\000s\000e\000\040\000T\000i\000m\000e}{section.6.4}% 106
\BOOKMARK [2][-]{subsection.6.4.2}{\376\377\000M\000o\000v\000e\000m\000e\000n\000t\000\040\000A\000c\000c\000u\000r\000a\000c\000y}{section.6.4}% 107
\BOOKMARK [2][-]{subsection.6.4.3}{\376\377\000T\000u\000r\000n\000i\000n\000g\000\040\000R\000a\000d\000i\000u\000s}{section.6.4}% 108
\BOOKMARK [1][-]{section.6.5}{\376\377\000O\000b\000j\000e\000c\000t\000\040\000D\000e\000t\000e\000c\000t\000i\000o\000n\000\040\000P\000e\000r\000f\000o\000r\000m\000a\000n\000c\000e}{chapter.6}% 109
\BOOKMARK [2][-]{subsection.6.5.1}{\376\377\000T\000e\000s\000t\000\040\000D\000a\000t\000a\000s\000e\000t}{section.6.5}% 110
\BOOKMARK [2][-]{subsection.6.5.2}{\376\377\000D\000e\000t\000e\000c\000t\000i\000o\000n\000\040\000A\000c\000c\000u\000r\000a\000c\000y}{section.6.5}% 111
\BOOKMARK [2][-]{subsection.6.5.3}{\376\377\000I\000n\000f\000e\000r\000e\000n\000c\000e\000\040\000S\000p\000e\000e\000d}{section.6.5}% 112
\BOOKMARK [1][-]{section.6.6}{\376\377\000O\000b\000s\000t\000a\000c\000l\000e\000\040\000A\000v\000o\000i\000d\000a\000n\000c\000e\000\040\000T\000e\000s\000t\000i\000n\000g}{chapter.6}% 113
\BOOKMARK [2][-]{subsection.6.6.1}{\376\377\000D\000i\000s\000t\000a\000n\000c\000e\000\040\000A\000c\000c\000u\000r\000a\000c\000y}{section.6.6}% 114
\BOOKMARK [2][-]{subsection.6.6.2}{\376\377\000C\000o\000l\000l\000i\000s\000i\000o\000n\000\040\000A\000v\000o\000i\000d\000a\000n\000c\000e\000\040\000S\000u\000c\000c\000e\000s\000s\000\040\000R\000a\000t\000e}{section.6.6}% 115
\BOOKMARK [1][-]{section.6.7}{\376\377\000P\000o\000w\000e\000r\000\040\000a\000n\000d\000\040\000T\000h\000e\000r\000m\000a\000l\000\040\000P\000e\000r\000f\000o\000r\000m\000a\000n\000c\000e}{chapter.6}% 116
\BOOKMARK [2][-]{subsection.6.7.1}{\376\377\000B\000a\000t\000t\000e\000r\000y\000\040\000L\000i\000f\000e}{section.6.7}% 117
\BOOKMARK [2][-]{subsection.6.7.2}{\376\377\000T\000h\000e\000r\000m\000a\000l\000\040\000P\000e\000r\000f\000o\000r\000m\000a\000n\000c\000e}{section.6.7}% 118
\BOOKMARK [1][-]{section.6.8}{\376\377\000C\000l\000o\000u\000d\000\040\000V\000L\000M\000\040\000I\000n\000t\000e\000g\000r\000a\000t\000i\000o\000n\000\040\000C\000h\000a\000l\000l\000e\000n\000g\000e\000s}{chapter.6}% 119
\BOOKMARK [2][-]{subsection.6.8.1}{\376\377\000v\000L\000L\000M\000\040\000P\000r\000o\000m\000p\000t\000\040\000F\000o\000r\000m\000a\000t\000\040\000E\000r\000r\000o\000r\000s}{section.6.8}% 120
\BOOKMARK [2][-]{subsection.6.8.2}{\376\377\000C\000o\000l\000a\000b\000\040\000R\000u\000n\000t\000i\000m\000e\000\040\000I\000n\000s\000t\000a\000b\000i\000l\000i\000t\000y}{section.6.8}% 121
\BOOKMARK [2][-]{subsection.6.8.3}{\376\377\000L\000e\000g\000a\000c\000y\000\040\000F\000r\000o\000n\000t\000e\000n\000d\000\040\000D\000e\000b\000u\000g\000g\000i\000n\000g}{section.6.8}% 122
\BOOKMARK [2][-]{subsection.6.8.4}{\376\377\000v\000L\000L\000M\000\040\000E\000n\000g\000i\000n\000e\000C\000o\000r\000e\000\040\000C\000r\000a\000s\000h\000\040\000\050\000R\000e\000s\000o\000l\000v\000e\000d\000\051}{section.6.8}% 123
\BOOKMARK [2][-]{subsection.6.8.5}{\376\377\000S\000e\000r\000i\000a\000l\000\040\000P\000o\000r\000t\000\040\000A\000u\000t\000o\000\040\000D\000e\000t\000e\000c\000t\000i\000o\000n}{section.6.8}% 124
\BOOKMARK [2][-]{subsection.6.8.6}{\376\377\000U\000D\000P\000\040\000B\000u\000f\000f\000e\000r\000\040\000O\000v\000e\000r\000f\000l\000o\000w\000\040\000\046\000\040\000I\000n\000s\000t\000a\000b\000i\000l\000i\000t\000y}{section.6.8}% 125
\BOOKMARK [1][-]{section.6.9}{\376\377\000S\000u\000m\000m\000a\000r\000y\000\040\000o\000f\000\040\000R\000e\000s\000u\000l\000t\000s}{chapter.6}% 126
\BOOKMARK [0][-]{chapter.7}{\376\377\000C\000o\000n\000c\000l\000u\000s\000i\000o\000n\000\040\000\046\000\040\000F\000u\000t\000u\000r\000e\000\040\000W\000o\000r\000k}{}% 127
\BOOKMARK [1][-]{section.7.1}{\376\377\000S\000u\000m\000m\000a\000r\000y\000\040\000o\000f\000\040\000A\000c\000h\000i\000e\000v\000e\000m\000e\000n\000t\000s}{chapter.7}% 128
\BOOKMARK [1][-]{section.7.2}{\376\377\000K\000e\000y\000\040\000T\000e\000c\000h\000n\000i\000c\000a\000l\000\040\000A\000c\000h\000i\000e\000v\000e\000m\000e\000n\000t\000s}{chapter.7}% 129
\BOOKMARK [1][-]{section.7.3}{\376\377\000L\000e\000s\000s\000o\000n\000s\000\040\000L\000e\000a\000r\000n\000e\000d}{chapter.7}% 130
\BOOKMARK [1][-]{section.7.4}{\376\377\000L\000i\000m\000i\000t\000a\000t\000i\000o\000n\000s}{chapter.7}% 131
\BOOKMARK [1][-]{section.7.5}{\376\377\000F\000u\000t\000u\000r\000e\000\040\000W\000o\000r\000k}{chapter.7}% 132
\BOOKMARK [1][-]{section.7.6}{\376\377\000C\000l\000o\000s\000i\000n\000g\000\040\000R\000e\000m\000a\000r\000k\000s}{chapter.7}% 133
\BOOKMARK [0][-]{appendix.A}{\376\377\000P\000i\000n\000o\000u\000t\000\040\000T\000a\000b\000l\000e\000s}{}% 134
\BOOKMARK [1][-]{section.A.1}{\376\377\000E\000S\000P\0003\0002\000-\000S\0003\000\040\000C\000a\000m\000e\000r\000a\000\040\000P\000i\000n\000\040\000C\000o\000n\000f\000i\000g\000u\000r\000a\000t\000i\000o\000n}{appendix.A}% 135
\BOOKMARK [1][-]{section.A.2}{\376\377\000M\000o\000t\000o\000r\000\040\000D\000r\000i\000v\000e\000r\000\040\000P\000i\000n\000\040\000C\000o\000n\000f\000i\000g\000u\000r\000a\000t\000i\000o\000n}{appendix.A}% 136
\BOOKMARK [1][-]{section.A.3}{\376\377\000S\000e\000n\000s\000o\000r\000\040\000P\000i\000n\000\040\000C\000o\000n\000f\000i\000g\000u\000r\000a\000t\000i\000o\000n}{appendix.A}% 137
\BOOKMARK [1][-]{section.A.4}{\376\377\000C\000o\000m\000p\000l\000e\000t\000e\000\040\000G\000P\000I\000O\000\040\000S\000u\000m\000m\000a\000r\000y}{appendix.A}% 138
\BOOKMARK [0][-]{appendix.B}{\376\377\000C\000i\000r\000c\000u\000i\000t\000\040\000D\000i\000a\000g\000r\000a\000m\000s}{}% 139
\BOOKMARK [1][-]{section.B.1}{\376\377\000S\000y\000s\000t\000e\000m\000\040\000W\000i\000r\000i\000n\000g\000\040\000O\000v\000e\000r\000v\000i\000e\000w}{appendix.B}% 140
\BOOKMARK [1][-]{section.B.2}{\376\377\000P\000o\000w\000e\000r\000\040\000D\000i\000s\000t\000r\000i\000b\000u\000t\000i\000o\000n\000\040\000S\000c\000h\000e\000m\000a\000t\000i\000c}{appendix.B}% 141
\BOOKMARK [2][-]{subsection.B.2.1}{\376\377\000P\000o\000w\000e\000r\000\040\000F\000l\000o\000w}{section.B.2}% 142
\BOOKMARK [1][-]{section.B.3}{\376\377\000M\000o\000t\000o\000r\000\040\000D\000r\000i\000v\000e\000r\000\040\000C\000o\000n\000n\000e\000c\000t\000i\000o\000n\000s}{appendix.B}% 143
\BOOKMARK [2][-]{subsection.B.3.1}{\376\377\000W\000i\000r\000i\000n\000g\000\040\000N\000o\000t\000e\000s}{section.B.3}% 144
\BOOKMARK [1][-]{section.B.4}{\376\377\000C\000a\000m\000e\000r\000a\000\040\000M\000o\000d\000u\000l\000e\000\040\000C\000o\000n\000n\000e\000c\000t\000i\000o\000n\000s}{appendix.B}% 145
\BOOKMARK [2][-]{subsection.B.4.1}{\376\377\000C\000a\000m\000e\000r\000a\000\040\000C\000a\000b\000l\000e\000\040\000P\000i\000n\000o\000u\000t}{section.B.4}% 146
\BOOKMARK [1][-]{section.B.5}{\376\377\000S\000e\000n\000s\000o\000r\000\040\000C\000o\000n\000n\000e\000c\000t\000i\000o\000n\000s}{appendix.B}% 147
\BOOKMARK [2][-]{subsection.B.5.1}{\376\377\000U\000l\000t\000r\000a\000s\000o\000n\000i\000c\000\040\000S\000e\000n\000s\000o\000r\000\040\000\050\000H\000C\000-\000S\000R\0000\0004\000\051}{section.B.5}% 148
\BOOKMARK [2][-]{subsection.B.5.2}{\376\377\000B\000a\000t\000t\000e\000r\000y\000\040\000V\000o\000l\000t\000a\000g\000e\000\040\000M\000o\000n\000i\000t\000o\000r}{section.B.5}% 149
\BOOKMARK [0][-]{appendix.C}{\376\377\000S\000o\000u\000r\000c\000e\000\040\000C\000o\000d\000e\000\040\000S\000n\000i\000p\000p\000e\000t\000s}{}% 150
\BOOKMARK [1][-]{section.C.1}{\376\377\000E\000S\000P\0003\0002\000-\000S\0003\000\040\000F\000i\000r\000m\000w\000a\000r\000e}{appendix.C}% 151
\BOOKMARK [2][-]{subsection.C.1.1}{\376\377\000M\000a\000i\000n\000\040\000S\000k\000e\000t\000c\000h\000\040\000\050\000R\000e\000s\000c\000u\000e\000R\000o\000b\000o\000t\000.\000i\000n\000o\000\051}{section.C.1}% 152
\BOOKMARK [2][-]{subsection.C.1.2}{\376\377\000C\000a\000m\000e\000r\000a\000\040\000I\000n\000i\000t\000i\000a\000l\000i\000z\000a\000t\000i\000o\000n}{section.C.1}% 153
\BOOKMARK [1][-]{section.C.2}{\376\377\000P\000y\000t\000h\000o\000n\000\040\000G\000a\000t\000e\000w\000a\000y\000/\000D\000a\000s\000h\000b\000o\000a\000r\000d}{appendix.C}% 154
\BOOKMARK [2][-]{subsection.C.2.1}{\376\377\000F\000r\000a\000m\000e\000\040\000B\000u\000f\000f\000e\000r\000\040\000C\000l\000a\000s\000s}{section.C.2}% 155
\BOOKMARK [2][-]{subsection.C.2.2}{\376\377\000Y\000O\000L\000O\000v\0008\000\040\000P\000r\000o\000c\000e\000s\000s\000o\000r}{section.C.2}% 156
\BOOKMARK [2][-]{subsection.C.2.3}{\376\377\000N\000i\000c\000e\000G\000U\000I\000\040\000D\000a\000s\000h\000b\000o\000a\000r\000d}{section.C.2}% 157
\BOOKMARK [1][-]{section.C.3}{\376\377\000E\000S\000P\000\040\000N\000O\000W\000\040\000C\000o\000m\000m\000u\000n\000i\000c\000a\000t\000i\000o\000n}{appendix.C}% 158
\BOOKMARK [0][-]{appendix.D}{\376\377\000U\000s\000e\000r\000\040\000M\000a\000n\000u\000a\000l}{}% 159
\BOOKMARK [1][-]{section.D.1}{\376\377\000Q\000u\000i\000c\000k\000\040\000S\000t\000a\000r\000t}{appendix.D}% 160
\BOOKMARK [1][-]{section.D.2}{\376\377\000D\000a\000s\000h\000b\000o\000a\000r\000d\000\040\000I\000n\000t\000e\000r\000f\000a\000c\000e}{appendix.D}% 161
\BOOKMARK [1][-]{section.D.3}{\376\377\000F\000i\000r\000m\000w\000a\000r\000e\000\040\000U\000p\000l\000o\000a\000d}{appendix.D}% 162
\BOOKMARK [1][-]{section.D.4}{\376\377\000T\000r\000o\000u\000b\000l\000e\000s\000h\000o\000o\000t\000i\000n\000g}{appendix.D}% 163
\BOOKMARK [1][-]{section.D.5}{\376\377\000S\000a\000f\000e\000t\000y\000\040\000G\000u\000i\000d\000e\000l\000i\000n\000e\000s}{appendix.D}% 164
\BOOKMARK [1][-]{section.D.6}{\376\377\000M\000a\000i\000n\000t\000e\000n\000a\000n\000c\000e\000\040\000S\000c\000h\000e\000d\000u\000l\000e}{appendix.D}% 165
\BOOKMARK [0][-]{appendix*.122}{\376\377\000R\000e\000f\000e\000r\000e\000n\000c\000e\000s}{}% 166
